<?xml version="1.0" encoding="UTF-8"?>
<!-- Generated by org.testng.reporters.JUnitReportReporter -->
<testsuite hostname="JP" failures="0" tests="1" name="LoginTest.login$Login" time="8.187" errors="0" timestamp="2025-08-16T12:48:44 IST" skipped="0">
  <testcase classname="LoginTest.login$Login" name="tesLogin" time="8.187"/>
</testsuite> <!-- LoginTest.login$Login -->
