<?xml version="1.0" encoding="UTF-8"?>
<!-- Generated by org.testng.reporters.JUnitReportReporter -->
<testsuite hostname="JP" failures="0" tests="3" name="TestCases.brandSelect" time="1.557" errors="0" timestamp="2025-08-24T14:59:55 IST" skipped="0">
  <testcase classname="TestCases.brandSelect" name="select_M" time="0.721"/>
  <testcase classname="TestCases.brandSelect" name="Hc2uSelect" time="0.491"/>
  <testcase classname="TestCases.brandSelect" name="PcgsSelect" time="0.345"/>
</testsuite> <!-- TestCases.brandSelect -->
