<?xml version="1.0" encoding="UTF-8"?>
<!-- Generated by org.testng.reporters.JUnitReportReporter -->
<testsuite hostname="JP" failures="0" tests="4" name="TestCases.brandSelect" time="1.126" errors="0" timestamp="2025-08-16T23:26:13 IST" skipped="0">
  <testcase classname="TestCases.brandSelect" name="start" time="0.133"/>
  <testcase classname="TestCases.brandSelect" name="select_M" time="0.182"/>
  <testcase classname="TestCases.brandSelect" name="Hc2uSelect" time="0.492"/>
  <testcase classname="TestCases.brandSelect" name="PcgsSelect" time="0.319"/>
</testsuite> <!-- TestCases.brandSelect -->
