<?xml version="1.0" encoding="UTF-8"?>
<!-- Generated by org.testng.reporters.JUnitReportReporter -->
<testsuite hostname="JP" failures="0" tests="2" name="TestCases.TestDashboard" time="9.027" errors="0" timestamp="2025-08-24T20:47:11 IST" skipped="0">
  <testcase classname="TestCases.TestDashboard" name="move_to_dahboard" time="7.264"/>
  <testcase classname="TestCases.TestDashboard" name="validateElements" time="1.763"/>
</testsuite> <!-- TestCases.TestDashboard -->
