<?xml version="1.0" encoding="UTF-8"?>
<!-- Generated by org.testng.reporters.JUnitReportReporter -->
<testsuite hostname="JP" failures="0" tests="4" name="TestCases.brandSelect" time="1.553" errors="0" timestamp="2025-08-17T12:19:40 IST" skipped="0">
  <testcase classname="TestCases.brandSelect" name="start" time="0.006"/>
  <testcase classname="TestCases.brandSelect" name="select_M" time="0.657"/>
  <testcase classname="TestCases.brandSelect" name="Hc2uSelect" time="0.556"/>
  <testcase classname="TestCases.brandSelect" name="PcgsSelect" time="0.334"/>
</testsuite> <!-- TestCases.brandSelect -->
